[debug] [2020-11-10T04:00:18.576Z] ----------------------------------------------------------------------
[debug] [2020-11-10T04:00:18.578Z] Command:       /usr/local/Cellar/node/15.0.1/bin/node /usr/local/bin/firebase serve
[debug] [2020-11-10T04:00:18.578Z] CLI Version:   8.14.1
[debug] [2020-11-10T04:00:18.578Z] Platform:      darwin
[debug] [2020-11-10T04:00:18.578Z] Node Version:  v15.0.1
[debug] [2020-11-10T04:00:18.580Z] Time:          Mon Nov 09 2020 20:00:18 GMT-0800 (Pacific Standard Time)
[debug] [2020-11-10T04:00:18.580Z] ----------------------------------------------------------------------
[debug] [2020-11-10T04:00:18.580Z] 
[debug] [2020-11-10T04:00:18.587Z] > command requires scopes: ["email","openid","https://www.googleapis.com/auth/cloudplatformprojects.readonly","https://www.googleapis.com/auth/firebase","https://www.googleapis.com/auth/cloud-platform"]
[debug] [2020-11-10T04:00:18.588Z] > authorizing via signed-in user
[debug] [2020-11-10T04:00:18.588Z] [iam] checking project socialapp-1439f for permissions ["firebase.projects.get"]
[debug] [2020-11-10T04:00:18.591Z] >>> HTTP REQUEST POST https://cloudresourcemanager.googleapis.com/v1/projects/socialapp-1439f:testIamPermissions  
 {"permissions":["firebase.projects.get"]}
[debug] [2020-11-10T04:00:19.461Z] <<< HTTP RESPONSE 200 {"content-type":"application/json; charset=UTF-8","vary":"X-Origin, Referer, Origin,Accept-Encoding","date":"Mon, 09 Nov 2020 20:00:21 GMT","server":"ESF","cache-control":"private","x-xss-protection":"0","x-frame-options":"SAMEORIGIN","x-content-type-options":"nosniff","server-timing":"gfet4t7; dur=773","alt-svc":"h3-Q050=\":443\"; ma=2592000,h3-29=\":443\"; ma=2592000,h3-T051=\":443\"; ma=2592000,h3-T050=\":443\"; ma=2592000,h3-Q046=\":443\"; ma=2592000,h3-Q043=\":443\"; ma=2592000,quic=\":443\"; ma=2592000; v=\"46,43\"","accept-ranges":"none","transfer-encoding":"chunked"}
[debug] [2020-11-10T04:00:19.463Z] >>> HTTP REQUEST GET https://firebase.googleapis.com/v1beta1/projects/socialapp-1439f  
 
[debug] [2020-11-10T04:00:19.678Z] <<< HTTP RESPONSE 200 {"content-type":"application/json; charset=UTF-8","vary":"X-Origin, Referer, Origin,Accept-Encoding","date":"Mon, 09 Nov 2020 20:00:21 GMT","server":"ESF","cache-control":"private","x-xss-protection":"0","x-frame-options":"SAMEORIGIN","x-content-type-options":"nosniff","alt-svc":"h3-Q050=\":443\"; ma=2592000,h3-29=\":443\"; ma=2592000,h3-T051=\":443\"; ma=2592000,h3-T050=\":443\"; ma=2592000,h3-Q046=\":443\"; ma=2592000,h3-Q043=\":443\"; ma=2592000,quic=\":443\"; ma=2592000; v=\"46,43\"","accept-ranges":"none","transfer-encoding":"chunked"}
[info] 
[info] === Serving from '/Users/mohamedgibreel/Code/socialapp-functions'...
[info] 
[warn] ⚠  Your requested "node" version "8" doesn't match your global version "15" {"metadata":{"emulator":{"name":"functions"},"message":"Your requested \"node\" version \"8\" doesn't match your global version \"15\""}}
[debug] [2020-11-10T04:00:19.693Z] defaultcredentials: writing to file /Users/mohamedgibreel/.config/firebase/m_adilgibreel_gmail.com_application_default_credentials.json
[debug] [2020-11-10T04:00:19.694Z] Setting GAC to /Users/mohamedgibreel/.config/firebase/m_adilgibreel_gmail.com_application_default_credentials.json {"metadata":{"emulator":{"name":"functions"},"message":"Setting GAC to /Users/mohamedgibreel/.config/firebase/m_adilgibreel_gmail.com_application_default_credentials.json"}}
[info] i  functions: Watching "/Users/mohamedgibreel/Code/socialapp-functions/functions" for Cloud Functions... {"metadata":{"emulator":{"name":"functions"},"message":"Watching \"/Users/mohamedgibreel/Code/socialapp-functions/functions\" for Cloud Functions..."}}
[debug] [2020-11-10T04:00:19.711Z] [worker-pool] addWorker(~diagnostic~) {"metadata":{"emulator":{"name":"functions"},"message":"[worker-pool] addWorker(~diagnostic~)"}}
[debug] [2020-11-10T04:00:19.711Z] [worker-pool] Adding worker with key ~diagnostic~, total=1 {"metadata":{"emulator":{"name":"functions"},"message":"[worker-pool] Adding worker with key ~diagnostic~, total=1"}}
[debug] [2020-11-10T04:00:19.712Z] [worker-pool] submitWork(triggerId=) {"metadata":{"emulator":{"name":"functions"},"message":"[worker-pool] submitWork(triggerId=)"}}
[debug] [2020-11-10T04:00:19.712Z] [worker-~diagnostic~-542a6e75-86f5-4cc4-8a0a-18ece6deec80]: Assigning socketPath: /var/folders/sw/48k3h17j1fs5_msk0zq864q80000gn/T/fire_emu_8852.sock {"metadata":{"emulator":{"name":"functions"},"message":"[worker-~diagnostic~-542a6e75-86f5-4cc4-8a0a-18ece6deec80]: Assigning socketPath: /var/folders/sw/48k3h17j1fs5_msk0zq864q80000gn/T/fire_emu_8852.sock"}}
[debug] [2020-11-10T04:00:19.712Z] [worker-~diagnostic~-542a6e75-86f5-4cc4-8a0a-18ece6deec80]: BUSY {"metadata":{"emulator":{"name":"functions"},"message":"[worker-~diagnostic~-542a6e75-86f5-4cc4-8a0a-18ece6deec80]: BUSY"}}
[debug] [2020-11-10T04:00:20.008Z] [runtime-status] [8852] Functions runtime initialized. {"cwd":"/Users/mohamedgibreel/Code/socialapp-functions/functions","node_version":"15.0.1"} {"metadata":{"emulator":{"name":"functions"},"message":"[runtime-status] [8852] Functions runtime initialized. {\"cwd\":\"/Users/mohamedgibreel/Code/socialapp-functions/functions\",\"node_version\":\"15.0.1\"}"}}
[debug] [2020-11-10T04:00:20.010Z] [runtime-status] [8852] Disabled runtime features: undefined {"metadata":{"emulator":{"name":"functions"},"message":"[runtime-status] [8852] Disabled runtime features: undefined"}}
[debug] [2020-11-10T04:00:20.012Z] [runtime-status] [8852] Resolved module firebase-admin {"declared":true,"installed":true,"version":"8.13.0","resolution":"/Users/mohamedgibreel/Code/socialapp-functions/functions/node_modules/firebase-admin/lib/index.js"} {"metadata":{"emulator":{"name":"functions"},"message":"[runtime-status] [8852] Resolved module firebase-admin {\"declared\":true,\"installed\":true,\"version\":\"8.13.0\",\"resolution\":\"/Users/mohamedgibreel/Code/socialapp-functions/functions/node_modules/firebase-admin/lib/index.js\"}"}}
[debug] [2020-11-10T04:00:20.014Z] [runtime-status] [8852] Resolved module firebase-functions {"declared":true,"installed":true,"version":"3.11.0","resolution":"/Users/mohamedgibreel/Code/socialapp-functions/functions/node_modules/firebase-functions/lib/index.js"} {"metadata":{"emulator":{"name":"functions"},"message":"[runtime-status] [8852] Resolved module firebase-functions {\"declared\":true,\"installed\":true,\"version\":\"3.11.0\",\"resolution\":\"/Users/mohamedgibreel/Code/socialapp-functions/functions/node_modules/firebase-functions/lib/index.js\"}"}}
[debug] [2020-11-10T04:00:20.016Z] [runtime-status] [8852] Resolved module firebase-functions {"declared":true,"installed":true,"version":"3.11.0","resolution":"/Users/mohamedgibreel/Code/socialapp-functions/functions/node_modules/firebase-functions/lib/index.js"} {"metadata":{"emulator":{"name":"functions"},"message":"[runtime-status] [8852] Resolved module firebase-functions {\"declared\":true,\"installed\":true,\"version\":\"3.11.0\",\"resolution\":\"/Users/mohamedgibreel/Code/socialapp-functions/functions/node_modules/firebase-functions/lib/index.js\"}"}}
[debug] [2020-11-10T04:00:20.017Z] [runtime-status] [8852] Outgoing network have been stubbed. [{"name":"http","status":"mocked"},{"name":"http","status":"mocked"},{"name":"https","status":"mocked"},{"name":"https","status":"mocked"},{"name":"net","status":"mocked"}] {"metadata":{"emulator":{"name":"functions"},"message":"[runtime-status] [8852] Outgoing network have been stubbed. [{\"name\":\"http\",\"status\":\"mocked\"},{\"name\":\"http\",\"status\":\"mocked\"},{\"name\":\"https\",\"status\":\"mocked\"},{\"name\":\"https\",\"status\":\"mocked\"},{\"name\":\"net\",\"status\":\"mocked\"}]"}}
[debug] [2020-11-10T04:00:20.018Z] [runtime-status] [8852] Resolved module firebase-functions {"declared":true,"installed":true,"version":"3.11.0","resolution":"/Users/mohamedgibreel/Code/socialapp-functions/functions/node_modules/firebase-functions/lib/index.js"} {"metadata":{"emulator":{"name":"functions"},"message":"[runtime-status] [8852] Resolved module firebase-functions {\"declared\":true,\"installed\":true,\"version\":\"3.11.0\",\"resolution\":\"/Users/mohamedgibreel/Code/socialapp-functions/functions/node_modules/firebase-functions/lib/index.js\"}"}}
[debug] [2020-11-10T04:00:20.067Z] [runtime-status] [8852] Checked functions.config() {"config":{}} {"metadata":{"emulator":{"name":"functions"},"message":"[runtime-status] [8852] Checked functions.config() {\"config\":{}}"}}
[debug] [2020-11-10T04:00:20.068Z] [runtime-status] [8852] firebase-functions has been stubbed. {"functionsResolution":{"declared":true,"installed":true,"version":"3.11.0","resolution":"/Users/mohamedgibreel/Code/socialapp-functions/functions/node_modules/firebase-functions/lib/index.js"}} {"metadata":{"emulator":{"name":"functions"},"message":"[runtime-status] [8852] firebase-functions has been stubbed. {\"functionsResolution\":{\"declared\":true,\"installed\":true,\"version\":\"3.11.0\",\"resolution\":\"/Users/mohamedgibreel/Code/socialapp-functions/functions/node_modules/firebase-functions/lib/index.js\"}}"}}
[debug] [2020-11-10T04:00:20.068Z] [runtime-status] [8852] Resolved module firebase-functions {"declared":true,"installed":true,"version":"3.11.0","resolution":"/Users/mohamedgibreel/Code/socialapp-functions/functions/node_modules/firebase-functions/lib/index.js"} {"metadata":{"emulator":{"name":"functions"},"message":"[runtime-status] [8852] Resolved module firebase-functions {\"declared\":true,\"installed\":true,\"version\":\"3.11.0\",\"resolution\":\"/Users/mohamedgibreel/Code/socialapp-functions/functions/node_modules/firebase-functions/lib/index.js\"}"}}
[debug] [2020-11-10T04:00:20.069Z] [runtime-status] [8852] Resolved module firebase-admin {"declared":true,"installed":true,"version":"8.13.0","resolution":"/Users/mohamedgibreel/Code/socialapp-functions/functions/node_modules/firebase-admin/lib/index.js"} {"metadata":{"emulator":{"name":"functions"},"message":"[runtime-status] [8852] Resolved module firebase-admin {\"declared\":true,\"installed\":true,\"version\":\"8.13.0\",\"resolution\":\"/Users/mohamedgibreel/Code/socialapp-functions/functions/node_modules/firebase-admin/lib/index.js\"}"}}
[debug] [2020-11-10T04:00:20.069Z] [runtime-status] [8852] Resolved module firebase-functions {"declared":true,"installed":true,"version":"3.11.0","resolution":"/Users/mohamedgibreel/Code/socialapp-functions/functions/node_modules/firebase-functions/lib/index.js"} {"metadata":{"emulator":{"name":"functions"},"message":"[runtime-status] [8852] Resolved module firebase-functions {\"declared\":true,\"installed\":true,\"version\":\"3.11.0\",\"resolution\":\"/Users/mohamedgibreel/Code/socialapp-functions/functions/node_modules/firebase-functions/lib/index.js\"}"}}
[debug] [2020-11-10T04:00:20.069Z] [runtime-status] [8852] firebase-admin has been stubbed. {"adminResolution":{"declared":true,"installed":true,"version":"8.13.0","resolution":"/Users/mohamedgibreel/Code/socialapp-functions/functions/node_modules/firebase-admin/lib/index.js"}} {"metadata":{"emulator":{"name":"functions"},"message":"[runtime-status] [8852] firebase-admin has been stubbed. {\"adminResolution\":{\"declared\":true,\"installed\":true,\"version\":\"8.13.0\",\"resolution\":\"/Users/mohamedgibreel/Code/socialapp-functions/functions/node_modules/firebase-admin/lib/index.js\"}}"}}
[debug] [2020-11-10T04:00:20.155Z] [runtime-status] [8852] initializeApp(DEFAULT) {"databaseURL":"https://socialapp-1439f.firebaseio.com","storageBucket":"socialapp-1439f.appspot.com","projectId":"socialapp-1439f"} {"metadata":{"emulator":{"name":"functions"},"message":"[runtime-status] [8852] initializeApp(DEFAULT) {\"databaseURL\":\"https://socialapp-1439f.firebaseio.com\",\"storageBucket\":\"socialapp-1439f.appspot.com\",\"projectId\":\"socialapp-1439f\"}"}}
[warn] ⚠  functions: The Cloud Firestore emulator is not running, so calls to Firestore will affect production. {"metadata":{"emulator":{"name":"functions"},"message":"The Cloud Firestore emulator is not running, so calls to Firestore will affect production."}}
[info] ✔  functions[api]: http function initialized (http://localhost:5000/socialapp-1439f/europe-west1/api). {"metadata":{"emulator":{"name":"functions"},"message":"\u001b[1mhttp\u001b[22m function initialized (http://localhost:5000/socialapp-1439f/europe-west1/api)."}}
[info] i  functions[createNotificationOnLike]: function ignored because the firestore emulator does not exist or is not running. {"metadata":{"emulator":{"name":"functions"},"message":"function ignored because the firestore emulator does not exist or is not running."}}
[info] i  functions[deleteNotificationsOnUnlike]: function ignored because the firestore emulator does not exist or is not running. {"metadata":{"emulator":{"name":"functions"},"message":"function ignored because the firestore emulator does not exist or is not running."}}
[info] i  functions[createNotificationOnComment]: function ignored because the firestore emulator does not exist or is not running. {"metadata":{"emulator":{"name":"functions"},"message":"function ignored because the firestore emulator does not exist or is not running."}}
[info] i  functions[onUserImageChange]: function ignored because the firestore emulator does not exist or is not running. {"metadata":{"emulator":{"name":"functions"},"message":"function ignored because the firestore emulator does not exist or is not running."}}
[info] i  functions[onPostDelete]: function ignored because the firestore emulator does not exist or is not running. {"metadata":{"emulator":{"name":"functions"},"message":"function ignored because the firestore emulator does not exist or is not running."}}
[debug] [2020-11-10T04:00:20.548Z] [worker-~diagnostic~-542a6e75-86f5-4cc4-8a0a-18ece6deec80]: IDLE {"metadata":{"emulator":{"name":"functions"},"message":"[worker-~diagnostic~-542a6e75-86f5-4cc4-8a0a-18ece6deec80]: IDLE"}}
[debug] [2020-11-10T04:00:23.578Z] [work-queue] {"queueLength":1,"workRunningCount":0}
[debug] [2020-11-10T04:00:23.578Z] [work-queue] {"queueLength":0,"workRunningCount":1}
[debug] [2020-11-10T04:00:23.579Z] Accepted request GET /socialapp-1439f/europe-west1/api --> api
[debug] [2020-11-10T04:00:23.583Z] [worker-pool] addWorker(api) {"metadata":{"emulator":{"name":"functions"},"message":"[worker-pool] addWorker(api)"}}
[debug] [2020-11-10T04:00:23.584Z] [worker-pool] Adding worker with key api, total=1 {"metadata":{"emulator":{"name":"functions"},"message":"[worker-pool] Adding worker with key api, total=1"}}
[debug] [2020-11-10T04:00:23.584Z] [worker-pool] submitWork(triggerId=api) {"metadata":{"emulator":{"name":"functions"},"message":"[worker-pool] submitWork(triggerId=api)"}}
[debug] [2020-11-10T04:00:23.584Z] [worker-api-5c5509cd-eac2-418c-87b3-45c9e79ebe8b]: Assigning socketPath: /var/folders/sw/48k3h17j1fs5_msk0zq864q80000gn/T/fire_emu_8860.sock {"metadata":{"emulator":{"name":"functions"},"message":"[worker-api-5c5509cd-eac2-418c-87b3-45c9e79ebe8b]: Assigning socketPath: /var/folders/sw/48k3h17j1fs5_msk0zq864q80000gn/T/fire_emu_8860.sock"}}
[debug] [2020-11-10T04:00:23.584Z] [worker-api-5c5509cd-eac2-418c-87b3-45c9e79ebe8b]: BUSY {"metadata":{"emulator":{"name":"functions"},"message":"[worker-api-5c5509cd-eac2-418c-87b3-45c9e79ebe8b]: BUSY"}}
[debug] [2020-11-10T04:00:23.860Z] [runtime-status] [8860] Functions runtime initialized. {"cwd":"/Users/mohamedgibreel/Code/socialapp-functions/functions","node_version":"15.0.1"} {"metadata":{"emulator":{"name":"functions"},"function":{"name":"api"},"message":"[runtime-status] [8860] Functions runtime initialized. {\"cwd\":\"/Users/mohamedgibreel/Code/socialapp-functions/functions\",\"node_version\":\"15.0.1\"}"}}
[debug] [2020-11-10T04:00:23.863Z] [runtime-status] [8860] Disabled runtime features: undefined {"metadata":{"emulator":{"name":"functions"},"function":{"name":"api"},"message":"[runtime-status] [8860] Disabled runtime features: undefined"}}
[debug] [2020-11-10T04:00:23.865Z] [runtime-status] [8860] Resolved module firebase-admin {"declared":true,"installed":true,"version":"8.13.0","resolution":"/Users/mohamedgibreel/Code/socialapp-functions/functions/node_modules/firebase-admin/lib/index.js"} {"metadata":{"emulator":{"name":"functions"},"function":{"name":"api"},"message":"[runtime-status] [8860] Resolved module firebase-admin {\"declared\":true,\"installed\":true,\"version\":\"8.13.0\",\"resolution\":\"/Users/mohamedgibreel/Code/socialapp-functions/functions/node_modules/firebase-admin/lib/index.js\"}"}}
[debug] [2020-11-10T04:00:23.865Z] [runtime-status] [8860] Resolved module firebase-functions {"declared":true,"installed":true,"version":"3.11.0","resolution":"/Users/mohamedgibreel/Code/socialapp-functions/functions/node_modules/firebase-functions/lib/index.js"} {"metadata":{"emulator":{"name":"functions"},"function":{"name":"api"},"message":"[runtime-status] [8860] Resolved module firebase-functions {\"declared\":true,\"installed\":true,\"version\":\"3.11.0\",\"resolution\":\"/Users/mohamedgibreel/Code/socialapp-functions/functions/node_modules/firebase-functions/lib/index.js\"}"}}
[debug] [2020-11-10T04:00:23.867Z] [runtime-status] [8860] Resolved module firebase-functions {"declared":true,"installed":true,"version":"3.11.0","resolution":"/Users/mohamedgibreel/Code/socialapp-functions/functions/node_modules/firebase-functions/lib/index.js"} {"metadata":{"emulator":{"name":"functions"},"function":{"name":"api"},"message":"[runtime-status] [8860] Resolved module firebase-functions {\"declared\":true,\"installed\":true,\"version\":\"3.11.0\",\"resolution\":\"/Users/mohamedgibreel/Code/socialapp-functions/functions/node_modules/firebase-functions/lib/index.js\"}"}}
[debug] [2020-11-10T04:00:23.869Z] [runtime-status] [8860] Outgoing network have been stubbed. [{"name":"http","status":"mocked"},{"name":"http","status":"mocked"},{"name":"https","status":"mocked"},{"name":"https","status":"mocked"},{"name":"net","status":"mocked"}] {"metadata":{"emulator":{"name":"functions"},"function":{"name":"api"},"message":"[runtime-status] [8860] Outgoing network have been stubbed. [{\"name\":\"http\",\"status\":\"mocked\"},{\"name\":\"http\",\"status\":\"mocked\"},{\"name\":\"https\",\"status\":\"mocked\"},{\"name\":\"https\",\"status\":\"mocked\"},{\"name\":\"net\",\"status\":\"mocked\"}]"}}
[debug] [2020-11-10T04:00:23.869Z] [runtime-status] [8860] Resolved module firebase-functions {"declared":true,"installed":true,"version":"3.11.0","resolution":"/Users/mohamedgibreel/Code/socialapp-functions/functions/node_modules/firebase-functions/lib/index.js"} {"metadata":{"emulator":{"name":"functions"},"function":{"name":"api"},"message":"[runtime-status] [8860] Resolved module firebase-functions {\"declared\":true,\"installed\":true,\"version\":\"3.11.0\",\"resolution\":\"/Users/mohamedgibreel/Code/socialapp-functions/functions/node_modules/firebase-functions/lib/index.js\"}"}}
[debug] [2020-11-10T04:00:23.904Z] [runtime-status] [8860] Checked functions.config() {"config":{}} {"metadata":{"emulator":{"name":"functions"},"function":{"name":"api"},"message":"[runtime-status] [8860] Checked functions.config() {\"config\":{}}"}}
[debug] [2020-11-10T04:00:23.904Z] [runtime-status] [8860] firebase-functions has been stubbed. {"functionsResolution":{"declared":true,"installed":true,"version":"3.11.0","resolution":"/Users/mohamedgibreel/Code/socialapp-functions/functions/node_modules/firebase-functions/lib/index.js"}} {"metadata":{"emulator":{"name":"functions"},"function":{"name":"api"},"message":"[runtime-status] [8860] firebase-functions has been stubbed. {\"functionsResolution\":{\"declared\":true,\"installed\":true,\"version\":\"3.11.0\",\"resolution\":\"/Users/mohamedgibreel/Code/socialapp-functions/functions/node_modules/firebase-functions/lib/index.js\"}}"}}
[debug] [2020-11-10T04:00:23.904Z] [runtime-status] [8860] Resolved module firebase-functions {"declared":true,"installed":true,"version":"3.11.0","resolution":"/Users/mohamedgibreel/Code/socialapp-functions/functions/node_modules/firebase-functions/lib/index.js"} {"metadata":{"emulator":{"name":"functions"},"function":{"name":"api"},"message":"[runtime-status] [8860] Resolved module firebase-functions {\"declared\":true,\"installed\":true,\"version\":\"3.11.0\",\"resolution\":\"/Users/mohamedgibreel/Code/socialapp-functions/functions/node_modules/firebase-functions/lib/index.js\"}"}}
[debug] [2020-11-10T04:00:23.905Z] [runtime-status] [8860] Resolved module firebase-admin {"declared":true,"installed":true,"version":"8.13.0","resolution":"/Users/mohamedgibreel/Code/socialapp-functions/functions/node_modules/firebase-admin/lib/index.js"} {"metadata":{"emulator":{"name":"functions"},"function":{"name":"api"},"message":"[runtime-status] [8860] Resolved module firebase-admin {\"declared\":true,\"installed\":true,\"version\":\"8.13.0\",\"resolution\":\"/Users/mohamedgibreel/Code/socialapp-functions/functions/node_modules/firebase-admin/lib/index.js\"}"}}
[debug] [2020-11-10T04:00:23.906Z] [runtime-status] [8860] Resolved module firebase-functions {"declared":true,"installed":true,"version":"3.11.0","resolution":"/Users/mohamedgibreel/Code/socialapp-functions/functions/node_modules/firebase-functions/lib/index.js"} {"metadata":{"emulator":{"name":"functions"},"function":{"name":"api"},"message":"[runtime-status] [8860] Resolved module firebase-functions {\"declared\":true,\"installed\":true,\"version\":\"3.11.0\",\"resolution\":\"/Users/mohamedgibreel/Code/socialapp-functions/functions/node_modules/firebase-functions/lib/index.js\"}"}}
[debug] [2020-11-10T04:00:23.906Z] [runtime-status] [8860] firebase-admin has been stubbed. {"adminResolution":{"declared":true,"installed":true,"version":"8.13.0","resolution":"/Users/mohamedgibreel/Code/socialapp-functions/functions/node_modules/firebase-admin/lib/index.js"}} {"metadata":{"emulator":{"name":"functions"},"function":{"name":"api"},"message":"[runtime-status] [8860] firebase-admin has been stubbed. {\"adminResolution\":{\"declared\":true,\"installed\":true,\"version\":\"8.13.0\",\"resolution\":\"/Users/mohamedgibreel/Code/socialapp-functions/functions/node_modules/firebase-admin/lib/index.js\"}}"}}
[debug] [2020-11-10T04:00:23.980Z] [runtime-status] [8860] initializeApp(DEFAULT) {"databaseURL":"https://socialapp-1439f.firebaseio.com","storageBucket":"socialapp-1439f.appspot.com","projectId":"socialapp-1439f"} {"metadata":{"emulator":{"name":"functions"},"function":{"name":"api"},"message":"[runtime-status] [8860] initializeApp(DEFAULT) {\"databaseURL\":\"https://socialapp-1439f.firebaseio.com\",\"storageBucket\":\"socialapp-1439f.appspot.com\",\"projectId\":\"socialapp-1439f\"}"}}
[debug] [2020-11-10T04:00:24.377Z] [runtime-status] [8860] Trigger "api" has been found, beginning invocation! {"metadata":{"emulator":{"name":"functions"},"function":{"name":"api"},"message":"[runtime-status] [8860] Trigger \"api\" has been found, beginning invocation!"}}
[info] i  functions: Beginning execution of "api" {"metadata":{"emulator":{"name":"functions"},"function":{"name":"api"},"message":"Beginning execution of \"api\""}}
[debug] [2020-11-10T04:00:24.378Z] [runtime-status] [8860] triggerDefinition {"regions":["europe-west1"],"httpsTrigger":{},"name":"api","entryPoint":"api"} {"metadata":{"emulator":{"name":"functions"},"function":{"name":"api"},"message":"[runtime-status] [8860] triggerDefinition {\"regions\":[\"europe-west1\"],\"httpsTrigger\":{},\"name\":\"api\",\"entryPoint\":\"api\"}"}}
[debug] [2020-11-10T04:00:24.378Z] [runtime-status] [8860] Running api in mode HTTPS {"metadata":{"emulator":{"name":"functions"},"function":{"name":"api"},"message":"[runtime-status] [8860] Running api in mode HTTPS"}}
[debug] [2020-11-10T04:00:24.382Z] [runtime-status] [8860] Attempting to listen to socketPath: /var/folders/sw/48k3h17j1fs5_msk0zq864q80000gn/T/fire_emu_8860.sock {"metadata":{"emulator":{"name":"functions"},"function":{"name":"api"},"message":"[runtime-status] [8860] Attempting to listen to socketPath: /var/folders/sw/48k3h17j1fs5_msk0zq864q80000gn/T/fire_emu_8860.sock"}}
[debug] [2020-11-10T04:00:24.386Z] [functions] Runtime ready! Sending request! {"metadata":{"emulator":{"name":"functions"},"message":"[functions] Runtime ready! Sending request!"}}
[debug] [2020-11-10T04:00:24.395Z] [runtime-status] [8860] Ephemeral server handling GET request {"metadata":{"emulator":{"name":"functions"},"function":{"name":"api"},"message":"[runtime-status] [8860] Ephemeral server handling GET request"}}
[debug] [2020-11-10T04:00:24.403Z] [runtime-status] [8860] Ephemeral server survived. {"metadata":{"emulator":{"name":"functions"},"function":{"name":"api"},"message":"[runtime-status] [8860] Ephemeral server survived."}}
[info] i  functions: Finished "api" in ~1s {"metadata":{"emulator":{"name":"functions"},"function":{"name":"api"},"message":"Finished \"api\" in ~1s"}}
[debug] [2020-11-10T04:00:24.408Z] [worker-api-5c5509cd-eac2-418c-87b3-45c9e79ebe8b]: IDLE {"metadata":{"emulator":{"name":"functions"},"message":"[worker-api-5c5509cd-eac2-418c-87b3-45c9e79ebe8b]: IDLE"}}
[debug] [2020-11-10T04:00:24.408Z] [work-queue] {"queueLength":0,"workRunningCount":0}
[debug] [2020-11-10T04:00:54.301Z] [work-queue] {"queueLength":1,"workRunningCount":0}
[debug] [2020-11-10T04:00:54.302Z] [work-queue] {"queueLength":0,"workRunningCount":1}
[debug] [2020-11-10T04:00:54.302Z] Accepted request GET /socialapp-1439f/europe-west1/api/login --> api
[debug] [2020-11-10T04:00:54.302Z] [worker-pool] submitWork(triggerId=api) {"metadata":{"emulator":{"name":"functions"},"message":"[worker-pool] submitWork(triggerId=api)"}}
[debug] [2020-11-10T04:00:54.302Z] [worker-api-5c5509cd-eac2-418c-87b3-45c9e79ebe8b]: Assigning socketPath: /var/folders/sw/48k3h17j1fs5_msk0zq864q80000gn/T/fire_emu_8860.sock {"metadata":{"emulator":{"name":"functions"},"message":"[worker-api-5c5509cd-eac2-418c-87b3-45c9e79ebe8b]: Assigning socketPath: /var/folders/sw/48k3h17j1fs5_msk0zq864q80000gn/T/fire_emu_8860.sock"}}
[debug] [2020-11-10T04:00:54.303Z] [worker-api-5c5509cd-eac2-418c-87b3-45c9e79ebe8b]: BUSY {"metadata":{"emulator":{"name":"functions"},"message":"[worker-api-5c5509cd-eac2-418c-87b3-45c9e79ebe8b]: BUSY"}}
[debug] [2020-11-10T04:00:54.305Z] [runtime-status] [8860] Trigger "api" has been found, beginning invocation! {"metadata":{"emulator":{"name":"functions"},"function":{"name":"api"},"message":"[runtime-status] [8860] Trigger \"api\" has been found, beginning invocation!"}}
[info] i  functions: Beginning execution of "api" {"metadata":{"emulator":{"name":"functions"},"function":{"name":"api"},"message":"Beginning execution of \"api\""}}
[debug] [2020-11-10T04:00:54.306Z] [runtime-status] [8860] triggerDefinition {"regions":["europe-west1"],"httpsTrigger":{},"name":"api","entryPoint":"api"} {"metadata":{"emulator":{"name":"functions"},"function":{"name":"api"},"message":"[runtime-status] [8860] triggerDefinition {\"regions\":[\"europe-west1\"],\"httpsTrigger\":{},\"name\":\"api\",\"entryPoint\":\"api\"}"}}
[debug] [2020-11-10T04:00:54.306Z] [runtime-status] [8860] Running api in mode HTTPS {"metadata":{"emulator":{"name":"functions"},"function":{"name":"api"},"message":"[runtime-status] [8860] Running api in mode HTTPS"}}
[debug] [2020-11-10T04:00:54.306Z] [runtime-status] [8860] Attempting to listen to socketPath: /var/folders/sw/48k3h17j1fs5_msk0zq864q80000gn/T/fire_emu_8860.sock {"metadata":{"emulator":{"name":"functions"},"function":{"name":"api"},"message":"[runtime-status] [8860] Attempting to listen to socketPath: /var/folders/sw/48k3h17j1fs5_msk0zq864q80000gn/T/fire_emu_8860.sock"}}
[debug] [2020-11-10T04:00:54.308Z] [functions] Runtime ready! Sending request! {"metadata":{"emulator":{"name":"functions"},"message":"[functions] Runtime ready! Sending request!"}}
[debug] [2020-11-10T04:00:54.356Z] [runtime-status] [8860] Ephemeral server handling GET request {"metadata":{"emulator":{"name":"functions"},"function":{"name":"api"},"message":"[runtime-status] [8860] Ephemeral server handling GET request"}}
[debug] [2020-11-10T04:00:54.359Z] [runtime-status] [8860] Ephemeral server survived. {"metadata":{"emulator":{"name":"functions"},"function":{"name":"api"},"message":"[runtime-status] [8860] Ephemeral server survived."}}
[info] i  functions: Finished "api" in ~1s {"metadata":{"emulator":{"name":"functions"},"function":{"name":"api"},"message":"Finished \"api\" in ~1s"}}
[debug] [2020-11-10T04:00:54.359Z] [worker-api-5c5509cd-eac2-418c-87b3-45c9e79ebe8b]: IDLE {"metadata":{"emulator":{"name":"functions"},"message":"[worker-api-5c5509cd-eac2-418c-87b3-45c9e79ebe8b]: IDLE"}}
[debug] [2020-11-10T04:00:54.360Z] [work-queue] {"queueLength":0,"workRunningCount":0}
[debug] [2020-11-10T04:00:56.573Z] [work-queue] {"queueLength":1,"workRunningCount":0}
[debug] [2020-11-10T04:00:56.573Z] [work-queue] {"queueLength":0,"workRunningCount":1}
[debug] [2020-11-10T04:00:56.574Z] Accepted request POST /socialapp-1439f/europe-west1/api/login --> api
[debug] [2020-11-10T04:00:56.574Z] [worker-pool] submitWork(triggerId=api) {"metadata":{"emulator":{"name":"functions"},"message":"[worker-pool] submitWork(triggerId=api)"}}
[debug] [2020-11-10T04:00:56.574Z] [worker-api-5c5509cd-eac2-418c-87b3-45c9e79ebe8b]: Assigning socketPath: /var/folders/sw/48k3h17j1fs5_msk0zq864q80000gn/T/fire_emu_8860.sock {"metadata":{"emulator":{"name":"functions"},"message":"[worker-api-5c5509cd-eac2-418c-87b3-45c9e79ebe8b]: Assigning socketPath: /var/folders/sw/48k3h17j1fs5_msk0zq864q80000gn/T/fire_emu_8860.sock"}}
[debug] [2020-11-10T04:00:56.574Z] [worker-api-5c5509cd-eac2-418c-87b3-45c9e79ebe8b]: BUSY {"metadata":{"emulator":{"name":"functions"},"message":"[worker-api-5c5509cd-eac2-418c-87b3-45c9e79ebe8b]: BUSY"}}
[debug] [2020-11-10T04:00:56.577Z] [runtime-status] [8860] Trigger "api" has been found, beginning invocation! {"metadata":{"emulator":{"name":"functions"},"function":{"name":"api"},"message":"[runtime-status] [8860] Trigger \"api\" has been found, beginning invocation!"}}
[info] i  functions: Beginning execution of "api" {"metadata":{"emulator":{"name":"functions"},"function":{"name":"api"},"message":"Beginning execution of \"api\""}}
[debug] [2020-11-10T04:00:56.578Z] [runtime-status] [8860] triggerDefinition {"regions":["europe-west1"],"httpsTrigger":{},"name":"api","entryPoint":"api"} {"metadata":{"emulator":{"name":"functions"},"function":{"name":"api"},"message":"[runtime-status] [8860] triggerDefinition {\"regions\":[\"europe-west1\"],\"httpsTrigger\":{},\"name\":\"api\",\"entryPoint\":\"api\"}"}}
[debug] [2020-11-10T04:00:56.578Z] [runtime-status] [8860] Running api in mode HTTPS {"metadata":{"emulator":{"name":"functions"},"function":{"name":"api"},"message":"[runtime-status] [8860] Running api in mode HTTPS"}}
[debug] [2020-11-10T04:00:56.578Z] [runtime-status] [8860] Attempting to listen to socketPath: /var/folders/sw/48k3h17j1fs5_msk0zq864q80000gn/T/fire_emu_8860.sock {"metadata":{"emulator":{"name":"functions"},"function":{"name":"api"},"message":"[runtime-status] [8860] Attempting to listen to socketPath: /var/folders/sw/48k3h17j1fs5_msk0zq864q80000gn/T/fire_emu_8860.sock"}}
[debug] [2020-11-10T04:00:56.580Z] [functions] Runtime ready! Sending request! {"metadata":{"emulator":{"name":"functions"},"message":"[functions] Runtime ready! Sending request!"}}
[debug] [2020-11-10T04:00:56.586Z] [runtime-status] [8860] Ephemeral server handling POST request {"metadata":{"emulator":{"name":"functions"},"function":{"name":"api"},"message":"[runtime-status] [8860] Ephemeral server handling POST request"}}
[debug] [2020-11-10T04:00:56.591Z] [runtime-status] [8860] Ephemeral server survived. {"metadata":{"emulator":{"name":"functions"},"function":{"name":"api"},"message":"[runtime-status] [8860] Ephemeral server survived."}}
[info] i  functions: Finished "api" in ~1s {"metadata":{"emulator":{"name":"functions"},"function":{"name":"api"},"message":"Finished \"api\" in ~1s"}}
[debug] [2020-11-10T04:00:56.591Z] [worker-api-5c5509cd-eac2-418c-87b3-45c9e79ebe8b]: IDLE {"metadata":{"emulator":{"name":"functions"},"message":"[worker-api-5c5509cd-eac2-418c-87b3-45c9e79ebe8b]: IDLE"}}
[debug] [2020-11-10T04:00:56.592Z] [work-queue] {"queueLength":0,"workRunningCount":0}
